Arguments: 
  C:\Program Files\nodejs\node.exe C:\Program Files (x86)\Yarn\bin\yarn.js init

PATH: 
  C:\Program Files (x86)\Intel\iCLS Client\;C:\Program Files\Intel\iCLS Client\;C:\WINDOWS\system32;C:\WINDOWS;C:\WINDOWS\System32\Wbem;C:\WINDOWS\System32\WindowsPowerShell\v1.0\;C:\Program Files (x86)\Intel\Intel(R) Management Engine Components\DAL;C:\Program Files\Intel\Intel(R) Management Engine Components\DAL;C:\Program Files (x86)\Intel\Intel(R) Management Engine Components\IPT;C:\Program Files\Intel\Intel(R) Management Engine Components\IPT;C:\Program Files\Git\cmd;C:\Program Files (x86)\Yarn\bin\;C:\Program Files\nodejs\;C:\Program Files\Intel\WiFi\bin\;C:\Program Files\Common Files\Intel\WirelessCommon\;C:\WINDOWS\System32\OpenSSH\;C:\Program Files\Java\jdk-14.0.2\bin;C:\Program Files (x86)\poppler-0.68.0\bin;C:\Program Files\PuTTY\;C:\Program Files (x86)\STMicroelectronics\STM32 ST-LINK Utility\ST-LINK Utility;C:\Program Files (x86)\AOMEI Backupper;C:\Users\Tkendi\AppData\Local\Programs\Python\Python38-32\Scripts\;C:\Users\Tkendi\AppData\Local\Programs\Python\Python38-32\;C:\Users\Tkendi\AppData\Local\Microsoft\WindowsApps;C:\Users\Tkendi\AppData\Local\GitHubDesktop\bin;C:\Users\Tkendi\AppData\Local\Programs\Microsoft VS Code\bin;C:\Users\Tkendi\AppData\Local\Yarn\bin;C:\Users\Tkendi\AppData\Roaming\npm;C:\Users\Tkendi\AppData\Local\Microsoft\WindowsApps;C:\Program Files\Bandizip\

Yarn version: 
  1.22.4

Node version: 
  14.8.0

Platform: 
  win32 x64

Trace: 
  Error: canceled
      at Interface.<anonymous> (C:\Program Files (x86)\Yarn\lib\cli.js:137008:13)
      at Interface.emit (events.js:314:20)
      at Interface._ttyWrite (readline.js:875:16)
      at ReadStream.onkeypress (readline.js:213:10)
      at ReadStream.emit (events.js:314:20)
      at emitKeys (internal/readline/utils.js:335:14)
      at emitKeys.next (<anonymous>)
      at ReadStream.onData (readline.js:1144:36)
      at ReadStream.emit (events.js:314:20)
      at addChunk (_stream_readable.js:303:12)

npm manifest: 
  {
    "name": "c-tkendi",
    "version": "1.0.0",
    "main": "index.js",
    "scripts": {
      "test": "echo \"Error: no test specified\" && exit 1",
      "start": "ts-node -r dotenv/config src/index.ts",
      "dev": "ts-node-dev -r dotenv/config src/index.ts"
    },
    "keywords": [],
    "author": "",
    "license": "ISC",
    "description": "",
    "dependencies": {
      "axios": "^0.20.0",
      "discord.js": "^12.3.1",
      "ts-node": "^9.0.0",
      "dotenv": "^8.2.0",
      "koa": "^2.13.0",
      "pm2": "^4.4.1",
      "typescript": "^4.0.2",
      "@types/koa": "^2.11.4",
      "@types/node": "^14.6.2"
    },
    "devDependencies": {
      "@typescript-eslint/parser": "^4.0.1",
      "eslint": "^7.8.0",
      "eslint-config-prettier": "^6.11.0",
      "ts-node-dev": "^1.0.0-pre.62"
    }
  }

yarn manifest: 
  No manifest

Lockfile: 
  No lockfile
